[0520/120838.441:INFO:CONSOLE(157)] "Event handler of 'x-storagemutated-1' event must be added on the initial evaluation of worker script.", source: https://static.whatsapp.net/rsrc.php/v4/yG/r/jXZKTaGLH87.js (157)
[0520/120838.814:INFO:CONSOLE(0)] "Error with Permissions-Policy header: Feature xr-spatial-tracking's parameters are ignored.", source:  (0)
[0520/120838.814:INFO:CONSOLE(0)] "Error with Permissions-Policy header: Origin trial controlled feature not enabled: 'attribution-reporting'.", source:  (0)
[0520/120838.815:INFO:CONSOLE(0)] "Error with Permissions-Policy header: Unrecognized feature: 'compute-pressure'.", source:  (0)
[0520/120838.826:INFO:CONSOLE(0)] "Error with Permissions-Policy header: Origin trial controlled feature not enabled: 'interest-cohort'.", source:  (0)
[0520/120838.826:INFO:CONSOLE(0)] "Error with Permissions-Policy header: Unrecognized feature: 'private-state-token-issuance'.", source:  (0)
[0520/120838.826:INFO:CONSOLE(0)] "Error with Permissions-Policy header: Origin trial controlled feature not enabled: 'shared-storage'.", source:  (0)
[0520/120838.826:INFO:CONSOLE(0)] "Error with Permissions-Policy header: Unrecognized feature: 'shared-storage-select-url'.", source:  (0)
[0520/120838.826:INFO:CONSOLE(0)] "Error with Permissions-Policy header: Unrecognized feature: 'private-state-token-redemption'.", source:  (0)
[0520/120838.826:INFO:CONSOLE(0)] "Error with Permissions-Policy header: Unrecognized feature: 'unload'.", source:  (0)
[0520/120838.826:INFO:CONSOLE(0)] "Error with Permissions-Policy header: Unrecognized feature: 'window-management'.", source:  (0)
[0520/120840.722:INFO:CONSOLE(157)] "Event handler of 'x-storagemutated-1' event must be added on the initial evaluation of worker script.", source: https://static.whatsapp.net/rsrc.php/v4/yG/r/jXZKTaGLH87.js (157)
[0520/120848.136:ERROR:cache_util_win.cc(20)] Unable to move the cache: Access is denied. (0x5)
[0520/120848.136:ERROR:cache_util_win.cc(20)] Unable to move the cache: Access is denied. (0x5)
[0520/120848.137:ERROR:disk_cache.cc(205)] Unable to create cache
[0520/120848.137:ERROR:gpu_disk_cache.cc(673)] Gpu Cache Creation failed: -2
[0520/120848.137:ERROR:disk_cache.cc(205)] Unable to create cache
[0520/120848.137:ERROR:gpu_disk_cache.cc(673)] Gpu Cache Creation failed: -2
[0520/120850.168:ERROR:cache_util_win.cc(20)] Unable to move the cache: Access is denied. (0x5)
[0520/120850.170:ERROR:disk_cache.cc(205)] Unable to create cache
[0520/120850.738:ERROR:cache_util_win.cc(20)] Unable to move the cache: Access is denied. (0x5)
[0520/120850.739:ERROR:disk_cache.cc(205)] Unable to create cache
[0520/120850.739:ERROR:gpu_disk_cache.cc(673)] Gpu Cache Creation failed: -2
[0520/120850.739:ERROR:cache_util_win.cc(20)] Unable to move the cache: Access is denied. (0x5)
[0520/120850.740:ERROR:disk_cache.cc(205)] Unable to create cache
[0520/120850.740:ERROR:gpu_disk_cache.cc(673)] Gpu Cache Creation failed: -2
[0520/120850.801:INFO:CONSOLE(0)] "Error with Permissions-Policy header: Feature xr-spatial-tracking's parameters are ignored.", source:  (0)
[0520/120850.801:INFO:CONSOLE(0)] "Error with Permissions-Policy header: Origin trial controlled feature not enabled: 'attribution-reporting'.", source:  (0)
[0520/120850.801:INFO:CONSOLE(0)] "Error with Permissions-Policy header: Unrecognized feature: 'compute-pressure'.", source:  (0)
[0520/120850.801:INFO:CONSOLE(0)] "Error with Permissions-Policy header: Origin trial controlled feature not enabled: 'interest-cohort'.", source:  (0)
[0520/120850.801:INFO:CONSOLE(0)] "Error with Permissions-Policy header: Unrecognized feature: 'private-state-token-issuance'.", source:  (0)
[0520/120850.801:INFO:CONSOLE(0)] "Error with Permissions-Policy header: Origin trial controlled feature not enabled: 'shared-storage'.", source:  (0)
[0520/120850.801:INFO:CONSOLE(0)] "Error with Permissions-Policy header: Unrecognized feature: 'shared-storage-select-url'.", source:  (0)
[0520/120850.801:INFO:CONSOLE(0)] "Error with Permissions-Policy header: Unrecognized feature: 'private-state-token-redemption'.", source:  (0)
[0520/120850.801:INFO:CONSOLE(0)] "Error with Permissions-Policy header: Unrecognized feature: 'unload'.", source:  (0)
[0520/120850.802:INFO:CONSOLE(0)] "Error with Permissions-Policy header: Unrecognized feature: 'window-management'.", source:  (0)
[0520/120851.168:ERROR:service_worker_storage.cc(1933)] Failed to delete the database: Database IO error
[0520/120856.749:ERROR:leveldb_factory.cc(88)] Failed to open LevelDB database from C:\xampp\htdocs\Vue_frontend\whatsapp_server\.wwebjs_auth\session-user_1\Default\IndexedDB\https_web.whatsapp.com_0.indexeddb.leveldb,IO error: C:\xampp\htdocs\Vue_frontend\whatsapp_server\.wwebjs_auth\session-user_1\Default\IndexedDB\https_web.whatsapp.com_0.indexeddb.leveldb/LOCK: File currently in use. (ChromeMethodBFE: 15::LockFile::2)
[0520/120858.681:ERROR:cache_util_win.cc(20)] Unable to move the cache: Access is denied. (0x5)
[0520/120858.681:ERROR:cache_util_win.cc(20)] Unable to move the cache: Access is denied. (0x5)
[0520/120858.682:ERROR:disk_cache.cc(205)] Unable to create cache
[0520/120858.682:ERROR:gpu_disk_cache.cc(673)] Gpu Cache Creation failed: -2
[0520/120858.682:ERROR:disk_cache.cc(205)] Unable to create cache
[0520/120858.682:ERROR:gpu_disk_cache.cc(673)] Gpu Cache Creation failed: -2
[0520/120858.777:ERROR:leveldb_factory.cc(88)] Failed to open LevelDB database from C:\xampp\htdocs\Vue_frontend\whatsapp_server\.wwebjs_auth\session-user_1\Default\IndexedDB\https_web.whatsapp.com_0.indexeddb.leveldb,IO error: C:\xampp\htdocs\Vue_frontend\whatsapp_server\.wwebjs_auth\session-user_1\Default\IndexedDB\https_web.whatsapp.com_0.indexeddb.leveldb/LOCK: File currently in use. (ChromeMethodBFE: 15::LockFile::2)
[0520/120900.718:ERROR:cache_util_win.cc(20)] Unable to move the cache: Access is denied. (0x5)
[0520/120900.718:ERROR:disk_cache.cc(205)] Unable to create cache
[0520/120900.799:ERROR:leveldb_factory.cc(88)] Failed to open LevelDB database from C:\xampp\htdocs\Vue_frontend\whatsapp_server\.wwebjs_auth\session-user_1\Default\IndexedDB\https_web.whatsapp.com_0.indexeddb.leveldb,IO error: C:\xampp\htdocs\Vue_frontend\whatsapp_server\.wwebjs_auth\session-user_1\Default\IndexedDB\https_web.whatsapp.com_0.indexeddb.leveldb/LOCK: File currently in use. (ChromeMethodBFE: 15::LockFile::2)
[0520/120901.311:ERROR:cache_util_win.cc(20)] Unable to move the cache: Access is denied. (0x5)
[0520/120901.311:ERROR:cache_util_win.cc(20)] Unable to move the cache: Access is denied. (0x5)
[0520/120901.311:ERROR:disk_cache.cc(205)] Unable to create cache
[0520/120901.311:ERROR:gpu_disk_cache.cc(673)] Gpu Cache Creation failed: -2
[0520/120901.311:ERROR:disk_cache.cc(205)] Unable to create cache
[0520/120901.311:ERROR:gpu_disk_cache.cc(673)] Gpu Cache Creation failed: -2
[0520/120901.371:INFO:CONSOLE(0)] "Error with Permissions-Policy header: Feature xr-spatial-tracking's parameters are ignored.", source:  (0)
[0520/120901.371:INFO:CONSOLE(0)] "Error with Permissions-Policy header: Origin trial controlled feature not enabled: 'attribution-reporting'.", source:  (0)
[0520/120901.372:INFO:CONSOLE(0)] "Error with Permissions-Policy header: Unrecognized feature: 'compute-pressure'.", source:  (0)
[0520/120901.372:INFO:CONSOLE(0)] "Error with Permissions-Policy header: Origin trial controlled feature not enabled: 'interest-cohort'.", source:  (0)
[0520/120901.372:INFO:CONSOLE(0)] "Error with Permissions-Policy header: Unrecognized feature: 'private-state-token-issuance'.", source:  (0)
[0520/120901.372:INFO:CONSOLE(0)] "Error with Permissions-Policy header: Origin trial controlled feature not enabled: 'shared-storage'.", source:  (0)
[0520/120901.372:INFO:CONSOLE(0)] "Error with Permissions-Policy header: Unrecognized feature: 'shared-storage-select-url'.", source:  (0)
[0520/120901.372:INFO:CONSOLE(0)] "Error with Permissions-Policy header: Unrecognized feature: 'private-state-token-redemption'.", source:  (0)
[0520/120901.372:INFO:CONSOLE(0)] "Error with Permissions-Policy header: Unrecognized feature: 'unload'.", source:  (0)
[0520/120901.372:INFO:CONSOLE(0)] "Error with Permissions-Policy header: Unrecognized feature: 'window-management'.", source:  (0)
[0520/120901.707:ERROR:service_worker_storage.cc(1933)] Failed to delete the database: Database IO error
[0520/120902.821:ERROR:leveldb_factory.cc(88)] Failed to open LevelDB database from C:\xampp\htdocs\Vue_frontend\whatsapp_server\.wwebjs_auth\session-user_1\Default\IndexedDB\https_web.whatsapp.com_0.indexeddb.leveldb,IO error: C:\xampp\htdocs\Vue_frontend\whatsapp_server\.wwebjs_auth\session-user_1\Default\IndexedDB\https_web.whatsapp.com_0.indexeddb.leveldb/LOCK: File currently in use. (ChromeMethodBFE: 15::LockFile::2)
[0520/120904.856:ERROR:leveldb_factory.cc(88)] Failed to open LevelDB database from C:\xampp\htdocs\Vue_frontend\whatsapp_server\.wwebjs_auth\session-user_1\Default\IndexedDB\https_web.whatsapp.com_0.indexeddb.leveldb,IO error: C:\xampp\htdocs\Vue_frontend\whatsapp_server\.wwebjs_auth\session-user_1\Default\IndexedDB\https_web.whatsapp.com_0.indexeddb.leveldb/LOCK: File currently in use. (ChromeMethodBFE: 15::LockFile::2)
[0520/120906.886:ERROR:leveldb_factory.cc(88)] Failed to open LevelDB database from C:\xampp\htdocs\Vue_frontend\whatsapp_server\.wwebjs_auth\session-user_1\Default\IndexedDB\https_web.whatsapp.com_0.indexeddb.leveldb,IO error: C:\xampp\htdocs\Vue_frontend\whatsapp_server\.wwebjs_auth\session-user_1\Default\IndexedDB\https_web.whatsapp.com_0.indexeddb.leveldb/LOCK: File currently in use. (ChromeMethodBFE: 15::LockFile::2)
[0520/120907.295:ERROR:leveldb_factory.cc(88)] Failed to open LevelDB database from C:\xampp\htdocs\Vue_frontend\whatsapp_server\.wwebjs_auth\session-user_1\Default\IndexedDB\https_web.whatsapp.com_0.indexeddb.leveldb,IO error: C:\xampp\htdocs\Vue_frontend\whatsapp_server\.wwebjs_auth\session-user_1\Default\IndexedDB\https_web.whatsapp.com_0.indexeddb.leveldb/LOCK: File currently in use. (ChromeMethodBFE: 15::LockFile::2)
[0520/120908.923:ERROR:leveldb_factory.cc(88)] Failed to open LevelDB database from C:\xampp\htdocs\Vue_frontend\whatsapp_server\.wwebjs_auth\session-user_1\Default\IndexedDB\https_web.whatsapp.com_0.indexeddb.leveldb,IO error: C:\xampp\htdocs\Vue_frontend\whatsapp_server\.wwebjs_auth\session-user_1\Default\IndexedDB\https_web.whatsapp.com_0.indexeddb.leveldb/LOCK: File currently in use. (ChromeMethodBFE: 15::LockFile::2)
[0520/120909.327:ERROR:leveldb_factory.cc(88)] Failed to open LevelDB database from C:\xampp\htdocs\Vue_frontend\whatsapp_server\.wwebjs_auth\session-user_1\Default\IndexedDB\https_web.whatsapp.com_0.indexeddb.leveldb,IO error: C:\xampp\htdocs\Vue_frontend\whatsapp_server\.wwebjs_auth\session-user_1\Default\IndexedDB\https_web.whatsapp.com_0.indexeddb.leveldb/LOCK: File currently in use. (ChromeMethodBFE: 15::LockFile::2)
[0520/120910.951:ERROR:leveldb_factory.cc(88)] Failed to open LevelDB database from C:\xampp\htdocs\Vue_frontend\whatsapp_server\.wwebjs_auth\session-user_1\Default\IndexedDB\https_web.whatsapp.com_0.indexeddb.leveldb,IO error: C:\xampp\htdocs\Vue_frontend\whatsapp_server\.wwebjs_auth\session-user_1\Default\IndexedDB\https_web.whatsapp.com_0.indexeddb.leveldb/LOCK: File currently in use. (ChromeMethodBFE: 15::LockFile::2)
[0520/120911.359:ERROR:leveldb_factory.cc(88)] Failed to open LevelDB database from C:\xampp\htdocs\Vue_frontend\whatsapp_server\.wwebjs_auth\session-user_1\Default\IndexedDB\https_web.whatsapp.com_0.indexeddb.leveldb,IO error: C:\xampp\htdocs\Vue_frontend\whatsapp_server\.wwebjs_auth\session-user_1\Default\IndexedDB\https_web.whatsapp.com_0.indexeddb.leveldb/LOCK: File currently in use. (ChromeMethodBFE: 15::LockFile::2)
